[Fri Jun 28 2024] [INFO] Connection to database has been established successfully.
[Fri Jun 28 2024] [INFO] Listening on port 3000!
[Sat Jun 29 2024] [INFO] Connection to database has been established successfully.
[Sat Jun 29 2024] [INFO] Listening on port 3000!
[Sat Jun 29 2024] [INFO] Connection to database has been established successfully.
[Sat Jun 29 2024] [INFO] Listening on port 3000!
[Sat Jun 29 2024] [INFO] Connection to database has been established successfully.
[Sat Jun 29 2024] [INFO] Listening on port 3000!
[Sat Jun 29 2024] [ERROR] undefined
[Sat Jun 29 2024] [INFO] Connection to database has been established successfully.
[Sat Jun 29 2024] [INFO] Listening on port 3000!
[Sat Jun 29 2024] [INFO] Connection to database has been established successfully.
[Sat Jun 29 2024] [INFO] Listening on port 3000!
[Sat Jun 29 2024] [INFO] Connection to database has been established successfully.
[Sat Jun 29 2024] [INFO] Listening on port 3000!
[Sat Jun 29 2024] [ERROR] undefined
[Sat Jun 29 2024] [INFO] Connection to database has been established successfully.
[Sat Jun 29 2024] [INFO] Listening on port 3000!
[Sat Jun 29 2024] [INFO] 1
[Sat Jun 29 2024] [ERROR] undefined
[Sat Jun 29 2024] [INFO] Connection to database has been established successfully.
[Sat Jun 29 2024] [INFO] Listening on port 3000!
[Sat Jun 29 2024] [INFO] Connection to database has been established successfully.
[Sat Jun 29 2024] [INFO] Listening on port 3000!
[Sat Jun 29 2024] [ERROR] undefined
[Sat Jun 29 2024] [INFO] Connection to database has been established successfully.
[Sat Jun 29 2024] [INFO] Listening on port 3000!
[Sat Jun 29 2024] [INFO] Connection to database has been established successfully.
[Sat Jun 29 2024] [INFO] Listening on port 3000!
[Sat Jun 29 2024] [ERROR] undefined
[Sat Jun 29 2024] [ERROR] undefined
[Sat Jun 29 2024] [INFO] Connection to database has been established successfully.
[Sat Jun 29 2024] [INFO] Listening on port 3000!
[Sat Jun 29 2024] [INFO] Connection to database has been established successfully.
[Sat Jun 29 2024] [INFO] Listening on port 3000!
[Sat Jun 29 2024] [ERROR] undefined
[Sat Jun 29 2024] [ERROR] undefined
[Sat Jun 29 2024] [INFO] Connection to database has been established successfully.
[Sat Jun 29 2024] [INFO] Listening on port 3000!
[Sat Jun 29 2024] [INFO] Connection to database has been established successfully.
[Sat Jun 29 2024] [INFO] Listening on port 3000!
[Sat Jun 29 2024] [INFO] Connection to database has been established successfully.
[Sat Jun 29 2024] [INFO] Listening on port 3000!
[Sat Jun 29 2024] [INFO] existingUser
[Sat Jun 29 2024] [INFO] dataObject
[Sat Jun 29 2024] [ERROR] SEQUELIZE ERROR:  relation "users" does not exist
[Sat Jun 29 2024] [ERROR] {}
[Sat Jun 29 2024] [INFO] Connection to database has been established successfully.
[Sat Jun 29 2024] [INFO] Listening on port 3000!
[Sat Jun 29 2024] [INFO] null
[Sat Jun 29 2024] [INFO] {
  "firstname": "Tuan",
  "lastname": "Nguyen",
  "email": "test@gmail.com",
  "password": "$2a$10$ewNbHIop6EyTKtt2fQNukuwIO2v0dPTYs4Ue7wlk045rkOGwjiLeO",
  "gender": "M",
  "address": "15 address"
}
[Sat Jun 29 2024] [ERROR] SEQUELIZE ERROR:  relation "users" does not exist
[Sat Jun 29 2024] [ERROR] {}
[Sat Jun 29 2024] [INFO] Connection to database has been established successfully.
[Sat Jun 29 2024] [INFO] Listening on port 3000!
[Sat Jun 29 2024] [INFO] null
[Sat Jun 29 2024] [INFO] {
  "firstname": "Tuan",
  "lastname": "Nguyen",
  "email": "test@gmail.com",
  "password": "$2a$10$bAC0Tsa5o4SkcmYpBblQoeh5dNpj9UgFWJzOlrJd1OZADdAO1354G",
  "gender": "M",
  "address": "15 address"
}
[Sat Jun 29 2024] [INFO] insert into users VALUES  ('Tuan', 'Nguyen', 'test@gmail.com', '$2a$10$bAC0Tsa5o4SkcmYpBblQoeh5dNpj9UgFWJzOlrJd1OZADdAO1354G', 'M', '15 address') RETURNING *
[Sat Jun 29 2024] [ERROR] SEQUELIZE ERROR:  relation "users" does not exist
[Sat Jun 29 2024] [ERROR] {}
[Sat Jun 29 2024] [INFO] Connection to database has been established successfully.
[Sat Jun 29 2024] [INFO] Listening on port 3000!
[Sat Jun 29 2024] [INFO] Connection to database has been established successfully.
[Sat Jun 29 2024] [INFO] Listening on port 3000!
[Sat Jun 29 2024] [INFO] Connection to database has been established successfully.
[Sat Jun 29 2024] [INFO] Listening on port 3000!
[Sat Jun 29 2024] [INFO] Connection to database has been established successfully.
[Sat Jun 29 2024] [INFO] Listening on port 3000!
[Sat Jun 29 2024] [INFO] Connection to database has been established successfully.
[Sat Jun 29 2024] [INFO] Listening on port 3000!
[Sat Jun 29 2024] [INFO] Connection to database has been established successfully.
[Sat Jun 29 2024] [INFO] Listening on port 3000!
[Sat Jun 29 2024] [INFO] Connection to database has been established successfully.
[Sat Jun 29 2024] [INFO] Listening on port 3000!
[Sat Jun 29 2024] [INFO] Connection to database has been established successfully.
[Sat Jun 29 2024] [INFO] Listening on port 3000!
[Sat Jun 29 2024] [INFO] Connection to database has been established successfully.
[Sat Jun 29 2024] [INFO] Listening on port 3000!
[Sat Jun 29 2024] [INFO] Connection to database has been established successfully.
[Sat Jun 29 2024] [INFO] Listening on port 3000!
[Sat Jun 29 2024] [INFO] Connection to database has been established successfully.
[Sat Jun 29 2024] [INFO] Listening on port 3000!
[Sat Jun 29 2024] [INFO] Connection to database has been established successfully.
[Sat Jun 29 2024] [INFO] Listening on port 3000!
[Sat Jun 29 2024] [INFO] Connection to database has been established successfully.
[Sat Jun 29 2024] [INFO] Listening on port 3000!
[Sat Jun 29 2024] [INFO] Connection to database has been established successfully.
[Sat Jun 29 2024] [INFO] Listening on port 3000!
[Sat Jun 29 2024] [INFO] Connection to database has been established successfully.
[Sat Jun 29 2024] [INFO] Listening on port 3000!
[Sat Jun 29 2024] [INFO] Connection to database has been established successfully.
[Sat Jun 29 2024] [INFO] Listening on port 3000!
[Sat Jun 29 2024] [INFO] Connection to database has been established successfully.
[Sat Jun 29 2024] [INFO] Listening on port 3000!
[Sat Jun 29 2024] [INFO] Connection to database has been established successfully.
[Sat Jun 29 2024] [INFO] Listening on port 3000!
[Sat Jun 29 2024] [INFO] Connection to database has been established successfully.
[Sat Jun 29 2024] [INFO] Listening on port 3000!
[Sat Jun 29 2024] [INFO] Connection to database has been established successfully.
[Sat Jun 29 2024] [INFO] Listening on port 3000!
[Sat Jun 29 2024] [INFO] Connection to database has been established successfully.
[Sat Jun 29 2024] [INFO] Listening on port 3000!
[Sat Jun 29 2024] [INFO] Connection to database has been established successfully.
[Sat Jun 29 2024] [INFO] Listening on port 3000!
[Sat Jun 29 2024] [INFO] Connection to database has been established successfully.
[Sat Jun 29 2024] [INFO] Listening on port 3000!
[Sat Jun 29 2024] [INFO] Connection to database has been established successfully.
[Sat Jun 29 2024] [INFO] Listening on port 3000!
[Sat Jun 29 2024] [INFO] Connection to database has been established successfully.
[Sat Jun 29 2024] [INFO] Listening on port 3000!
[Sat Jun 29 2024] [INFO] Connection to database has been established successfully.
[Sat Jun 29 2024] [INFO] Listening on port 3000!
[Sat Jun 29 2024] [INFO] Connection to database has been established successfully.
[Sat Jun 29 2024] [INFO] Listening on port 3000!
[Sat Jun 29 2024] [INFO] Connection to database has been established successfully.
[Sat Jun 29 2024] [INFO] Listening on port 3000!
[Sat Jun 29 2024] [INFO] Connection to database has been established successfully.
[Sat Jun 29 2024] [INFO] Listening on port 3000!
[Sat Jun 29 2024] [INFO] Connection to database has been established successfully.
[Sat Jun 29 2024] [INFO] Listening on port 3000!
[Sat Jun 29 2024] [INFO] Connection to database has been established successfully.
[Sat Jun 29 2024] [INFO] Listening on port 3000!
[Sat Jun 29 2024] [INFO] Connection to database has been established successfully.
[Sat Jun 29 2024] [INFO] Listening on port 3000!
[Sat Jun 29 2024] [INFO] Connection to database has been established successfully.
[Sat Jun 29 2024] [INFO] Listening on port 3000!
[Sat Jun 29 2024] [INFO] Connection to database has been established successfully.
[Sat Jun 29 2024] [INFO] Listening on port 3000!
[Sat Jun 29 2024] [INFO] Connection to database has been established successfully.
[Sat Jun 29 2024] [INFO] Listening on port 3000!
[Sat Jun 29 2024] [INFO] Connection to database has been established successfully.
[Sat Jun 29 2024] [INFO] Listening on port 3000!
[Sat Jun 29 2024] [INFO] Connection to database has been established successfully.
[Sat Jun 29 2024] [INFO] Listening on port 3000!
[Sat Jun 29 2024] [INFO] Connection to database has been established successfully.
[Sat Jun 29 2024] [INFO] Listening on port 3000!
[Sat Jun 29 2024] [INFO] null
[Sat Jun 29 2024] [INFO] {
  "firstname": "Tuan",
  "lastname": "Nguyen",
  "email": "test@gmail.com",
  "password": "$2a$10$W91h4HAD.GwjiYp.L4Q1ievsAnpeqxm5knC4DaToHpvuo1h32n38K"
}
[Sat Jun 29 2024] [INFO] insert into users VALUES  ('Tuan', 'Nguyen', 'test@gmail.com', '$2a$10$W91h4HAD.GwjiYp.L4Q1ievsAnpeqxm5knC4DaToHpvuo1h32n38K') RETURNING *
[Sat Jun 29 2024] [ERROR] SEQUELIZE ERROR:  relation "users" does not exist
[Sat Jun 29 2024] [ERROR] {}
[Sat Jun 29 2024] [INFO] Connection to database has been established successfully.
[Sat Jun 29 2024] [INFO] Listening on port 3000!
[Sat Jun 29 2024] [INFO] Connection to database has been established successfully.
[Sat Jun 29 2024] [INFO] Listening on port 3000!
[Sat Jun 29 2024] [INFO] Connection to database has been established successfully.
[Sat Jun 29 2024] [INFO] Listening on port 3000!
[Sat Jun 29 2024] [INFO] Connection to database has been established successfully.
[Sat Jun 29 2024] [INFO] Listening on port 3000!
[Sat Jun 29 2024] [INFO] Connection to database has been established successfully.
[Sat Jun 29 2024] [INFO] Listening on port 3000!
[Sat Jun 29 2024] [INFO] Connection to database has been established successfully.
[Sat Jun 29 2024] [INFO] Listening on port 3000!
[Sat Jun 29 2024] [INFO] Connection to database has been established successfully.
[Sat Jun 29 2024] [INFO] Listening on port 3000!
[Sat Jun 29 2024] [INFO] Connection to database has been established successfully.
[Sat Jun 29 2024] [INFO] Listening on port 3000!
[Sat Jun 29 2024] [INFO] Connection to database has been established successfully.
[Sat Jun 29 2024] [INFO] Listening on port 3000!
[Sat Jun 29 2024] [INFO] Connection to database has been established successfully.
[Sat Jun 29 2024] [INFO] Listening on port 3000!
[Sat Jun 29 2024] [INFO] Connection to database has been established successfully.
[Sat Jun 29 2024] [INFO] Listening on port 3000!
[Sat Jun 29 2024] [INFO] Connection to database has been established successfully.
[Sat Jun 29 2024] [INFO] Listening on port 3000!
[Sat Jun 29 2024] [INFO] Connection to database has been established successfully.
[Sat Jun 29 2024] [INFO] Listening on port 3000!
[Sat Jun 29 2024] [INFO] Connection to database has been established successfully.
[Sat Jun 29 2024] [INFO] Listening on port 3000!
[Sat Jun 29 2024] [INFO] Connection to database has been established successfully.
[Sat Jun 29 2024] [INFO] Listening on port 3000!
[Sat Jun 29 2024] [INFO] Connection to database has been established successfully.
[Sat Jun 29 2024] [INFO] Listening on port 3000!
[Sat Jun 29 2024] [INFO] Connection to database has been established successfully.
[Sat Jun 29 2024] [INFO] Listening on port 3000!
[Sat Jun 29 2024] [INFO] Connection to database has been established successfully.
[Sat Jun 29 2024] [INFO] Listening on port 3000!
[Sat Jun 29 2024] [INFO] Connection to database has been established successfully.
[Sat Jun 29 2024] [INFO] Listening on port 3000!
[Sat Jun 29 2024] [INFO] Connection to database has been established successfully.
[Sat Jun 29 2024] [INFO] Listening on port 3000!
[Sat Jun 29 2024] [INFO] Connection to database has been established successfully.
[Sat Jun 29 2024] [INFO] Listening on port 3000!
[Sat Jun 29 2024] [INFO] Connection to database has been established successfully.
[Sat Jun 29 2024] [INFO] Listening on port 3000!
[Sat Jun 29 2024] [INFO] Connection to database has been established successfully.
[Sat Jun 29 2024] [INFO] Listening on port 3000!
[Sat Jun 29 2024] [INFO] Connection to database has been established successfully.
[Sat Jun 29 2024] [INFO] Listening on port 3000!
[Sat Jun 29 2024] [INFO] Connection to database has been established successfully.
[Sat Jun 29 2024] [INFO] Listening on port 3000!
[Sat Jun 29 2024] [INFO] Connection to database has been established successfully.
[Sat Jun 29 2024] [INFO] Listening on port 3000!
[Sat Jun 29 2024] [INFO] null
[Sat Jun 29 2024] [INFO] {
  "firstname": "Tuan",
  "lastname": "Nguyen",
  "email": "test@gmail.com",
  "password": "$2a$10$cUGK/AgSTVql94lSZdZ7Y.d86XoH3Ew5K13CzgLuBmjLVTSM42Zga"
}
[Sat Jun 29 2024] [INFO] insert into users VALUES  ('Tuan', 'Nguyen', 'test@gmail.com', '$2a$10$cUGK/AgSTVql94lSZdZ7Y.d86XoH3Ew5K13CzgLuBmjLVTSM42Zga') RETURNING *
[Sat Jun 29 2024] [ERROR] SEQUELIZE ERROR:  invalid input syntax for type integer: "Tuan"
[Sat Jun 29 2024] [ERROR] {}
[Sat Jun 29 2024] [INFO] Connection to database has been established successfully.
[Sat Jun 29 2024] [INFO] Listening on port 3000!
[Sat Jun 29 2024] [INFO] Connection to database has been established successfully.
[Sat Jun 29 2024] [INFO] Listening on port 3000!
[Sat Jun 29 2024] [INFO] null
[Sat Jun 29 2024] [INFO] {
  "firstname": "Tuan",
  "lastname": "Nguyen",
  "email": "test@gmail.com",
  "password": "$2a$10$k8.KqHqMyVNezG1ra6FC8eiIPnpSanyKhg.e.V0O5yORImEQUsi3."
}
[Sat Jun 29 2024] [INFO] insert into users VALUES (DEFAULT, 'Tuan', 'Nguyen', 'test@gmail.com', '$2a$10$k8.KqHqMyVNezG1ra6FC8eiIPnpSanyKhg.e.V0O5yORImEQUsi3.') RETURNING *
[Sat Jun 29 2024] [ERROR] SEQUELIZE ERROR:  invalid input syntax for type integer: "Tuan"
[Sat Jun 29 2024] [ERROR] {}
[Sat Jun 29 2024] [INFO] Connection to database has been established successfully.
[Sat Jun 29 2024] [INFO] Listening on port 3000!
[Sat Jun 29 2024] [INFO] null
[Sat Jun 29 2024] [INFO] {
  "firstname": "Tuan",
  "lastname": "Nguyen",
  "email": "test@gmail.com",
  "password": "$2a$10$.yMCqLJGMuWghqzAHVqhzuTY9UzGat4F/uEf3VZi7wpfj9fPiXUBK"
}
[Sat Jun 29 2024] [INFO] insert into users VALUES ('DEFAULT', 'Tuan', 'Nguyen', 'test@gmail.com', '$2a$10$.yMCqLJGMuWghqzAHVqhzuTY9UzGat4F/uEf3VZi7wpfj9fPiXUBK') RETURNING *
[Sat Jun 29 2024] [ERROR] SEQUELIZE ERROR:  invalid input syntax for type integer: "Tuan"
[Sat Jun 29 2024] [ERROR] {}
[Sat Jun 29 2024] [INFO] Connection to database has been established successfully.
[Sat Jun 29 2024] [INFO] Listening on port 3000!
[Sat Jun 29 2024] [INFO] Connection to database has been established successfully.
[Sat Jun 29 2024] [INFO] Listening on port 3000!
[Sat Jun 29 2024] [INFO] Connection to database has been established successfully.
[Sat Jun 29 2024] [INFO] Listening on port 3000!
[Sat Jun 29 2024] [INFO] null
[Sat Jun 29 2024] [INFO] {
  "firstname": "Tuan",
  "lastname": "Nguyen",
  "email": "test@gmail.com",
  "password": "$2a$10$etlEJlZVUb.otKRDa..Y5e2P/neongHDrgI6xL7aawnZor0L/oYrK"
}
[Sat Jun 29 2024] [INFO] insert  into users (firstname, lastname, email, password) VALUES ('Tuan', 'Nguyen', 'test@gmail.com', '$2a$10$etlEJlZVUb.otKRDa..Y5e2P/neongHDrgI6xL7aawnZor0L/oYrK') RETURNING *
[Sat Jun 29 2024] [ERROR] SEQUELIZE ERROR:  invalid input syntax for type integer: "DEFAULT"
[Sat Jun 29 2024] [ERROR] {}
[Sat Jun 29 2024] [INFO] Connection to database has been established successfully.
[Sat Jun 29 2024] [INFO] Listening on port 3000!
[Sat Jun 29 2024] [INFO] null
[Sat Jun 29 2024] [INFO] {
  "firstname": "Tuan",
  "lastname": "Nguyen",
  "email": "test@gmail.com",
  "password": "$2a$10$15S9.2W5kKId9yypQc95iuV8Td/n3.hvrmK94b0oexX/wD91r3TYG"
}
[Sat Jun 29 2024] [INFO] insert  into users (firstname, lastname, email, password) VALUES ('Tuan', 'Nguyen', 'test@gmail.com', '$2a$10$15S9.2W5kKId9yypQc95iuV8Td/n3.hvrmK94b0oexX/wD91r3TYG') RETURNING *
[Sat Jun 29 2024] [ERROR] SEQUELIZE ERROR:  column "firstname" of relation "users" does not exist
[Sat Jun 29 2024] [ERROR] {}
[Sat Jun 29 2024] [INFO] Connection to database has been established successfully.
[Sat Jun 29 2024] [INFO] Listening on port 3000!
[Sat Jun 29 2024] [INFO] null
[Sat Jun 29 2024] [INFO] {
  "firstname": "Tuan",
  "lastname": "Nguyen",
  "email": "test@gmail.com",
  "password": "$2a$10$8TWXUQ34crReyBjD5k0E4e5G7JcrzHpr7AxxRlv7odH6ubhhGabZ2"
}
[Sat Jun 29 2024] [INFO] insert  into users (firstname, lastname, email, password) VALUES ('Tuan', 'Nguyen', 'test@gmail.com', '$2a$10$8TWXUQ34crReyBjD5k0E4e5G7JcrzHpr7AxxRlv7odH6ubhhGabZ2') RETURNING *
[Sat Jun 29 2024] [ERROR] SEQUELIZE ERROR:  null value in column "createdAt" of relation "users" violates not-null constraint
[Sat Jun 29 2024] [ERROR] {}
[Sat Jun 29 2024] [INFO] Connection to database has been established successfully.
[Sat Jun 29 2024] [INFO] Listening on port 3000!
[Sat Jun 29 2024] [INFO] null
[Sat Jun 29 2024] [INFO] {
  "firstname": "Tuan",
  "lastname": "Nguyen",
  "email": "test@gmail.com",
  "password": "$2a$10$kPP6IlCVl65qKh5ooaBzqe4sVA5IAmS2nCIG0fDghB3SeoEOyKaF2",
  "created_at": "2024-06-29T11:23:06.295Z",
  "updated_at": "2024-06-29T11:23:06.295Z"
}
[Sat Jun 29 2024] [INFO] insert  into users (firstname, lastname, email, password, created_at, updated_at) VALUES ('Tuan', 'Nguyen', 'test@gmail.com', '$2a$10$kPP6IlCVl65qKh5ooaBzqe4sVA5IAmS2nCIG0fDghB3SeoEOyKaF2', 'Sat Jun 29 2024 18:23:06 GMT+0700 (Indochina Time)', 'Sat Jun 29 2024 18:23:06 GMT+0700 (Indochina Time)') RETURNING *
[Sat Jun 29 2024] [ERROR] SEQUELIZE ERROR:  column "created_at" of relation "users" does not exist
[Sat Jun 29 2024] [ERROR] {}
[Sat Jun 29 2024] [INFO] Connection to database has been established successfully.
[Sat Jun 29 2024] [INFO] Listening on port 3000!
[Sat Jun 29 2024] [INFO] null
[Sat Jun 29 2024] [INFO] {
  "firstname": "Tuan",
  "lastname": "Nguyen",
  "email": "test@gmail.com",
  "password": "$2a$10$zO/VmDdIAFL1xsRkQokGeeTylgL98ZKB0HKwwkJ0vY2rlEeCutBqS"
}
[Sat Jun 29 2024] [INFO] insert  into users (firstname, lastname, email, password) VALUES ('Tuan', 'Nguyen', 'test@gmail.com', '$2a$10$zO/VmDdIAFL1xsRkQokGeeTylgL98ZKB0HKwwkJ0vY2rlEeCutBqS') RETURNING *
[Sat Jun 29 2024] [ERROR] SEQUELIZE ERROR:  null value in column "createdAt" of relation "users" violates not-null constraint
[Sat Jun 29 2024] [ERROR] {}
[Sat Jun 29 2024] [INFO] Connection to database has been established successfully.
[Sat Jun 29 2024] [INFO] Listening on port 3000!
[Sat Jun 29 2024] [INFO] null
[Sat Jun 29 2024] [INFO] {
  "firstname": "Tuan",
  "lastname": "Nguyen",
  "email": "test@gmail.com",
  "password": "$2a$10$gMXpLoq2mcFthxK4nJTd4OvyjoEa2zHfDqX3QorEK.NH5YsTM8fEm"
}
[Sat Jun 29 2024] [INFO] insert  into users (firstname, lastname, email, password) VALUES ('Tuan', 'Nguyen', 'test@gmail.com', '$2a$10$gMXpLoq2mcFthxK4nJTd4OvyjoEa2zHfDqX3QorEK.NH5YsTM8fEm') RETURNING *
[Sat Jun 29 2024] [ERROR] undefined
[Sat Jun 29 2024] [INFO] null
[Sat Jun 29 2024] [INFO] {
  "firstname": "Tuan",
  "lastname": "Nguyen",
  "email": "test@gmail.com",
  "password": "$2a$10$40Z5EmD68kpo3LNAdSGuf.4WOq04LGa95U5e6F/epixhdOEh89f9S"
}
[Sat Jun 29 2024] [INFO] insert  into users (firstname, lastname, email, password) VALUES ('Tuan', 'Nguyen', 'test@gmail.com', '$2a$10$40Z5EmD68kpo3LNAdSGuf.4WOq04LGa95U5e6F/epixhdOEh89f9S') RETURNING *
[Sat Jun 29 2024] [ERROR] undefined
[Sat Jun 29 2024] [INFO] Connection to database has been established successfully.
[Sat Jun 29 2024] [INFO] Listening on port 3000!
[Sat Jun 29 2024] [INFO] null
[Sat Jun 29 2024] [INFO] {
  "firstname": "Tuan",
  "lastname": "Nguyen",
  "email": "test@gmail.com",
  "password": "$2a$10$gCrJaIRfRQcAH0StRcjqcuEC7NP8qUXriUGWm4f9GS6HTFG0pJG/y"
}
[Sat Jun 29 2024] [INFO] insert  into users (firstname, lastname, email, password) VALUES ('Tuan', 'Nguyen', 'test@gmail.com', '$2a$10$gCrJaIRfRQcAH0StRcjqcuEC7NP8qUXriUGWm4f9GS6HTFG0pJG/y') RETURNING *
[Sat Jun 29 2024] [ERROR] undefined
[Sat Jun 29 2024] [INFO] null
[Sat Jun 29 2024] [INFO] {
  "firstname": "Tuan",
  "lastname": "Nguyen",
  "email": "test@gmail.com",
  "password": "$2a$10$li9rNOZQjLxOS3Q9RG5JgeiXQIPRX/iBqIo9NClJcGr5Rs7CFo0Ka"
}
[Sat Jun 29 2024] [INFO] insert  into users (firstname, lastname, email, password) VALUES ('Tuan', 'Nguyen', 'test@gmail.com', '$2a$10$li9rNOZQjLxOS3Q9RG5JgeiXQIPRX/iBqIo9NClJcGr5Rs7CFo0Ka') RETURNING *
[Sat Jun 29 2024] [ERROR] undefined
[Sat Jun 29 2024] [INFO] Connection to database has been established successfully.
[Sat Jun 29 2024] [INFO] Listening on port 3000!
[Sat Jun 29 2024] [INFO] 1
[Sat Jun 29 2024] [INFO] null
[Sat Jun 29 2024] [INFO] {
  "firstname": "Tuan",
  "lastname": "Nguyen",
  "email": "test@gmail.com",
  "password": "$2a$10$omG.dyExMDqiZkfc4J2w2.blkCn3Ta8c3PAubZPxYoGgWedYuT.Q6"
}
[Sat Jun 29 2024] [INFO] insert  into users (firstname, lastname, email, password) VALUES ('Tuan', 'Nguyen', 'test@gmail.com', '$2a$10$omG.dyExMDqiZkfc4J2w2.blkCn3Ta8c3PAubZPxYoGgWedYuT.Q6') RETURNING *
[Sat Jun 29 2024] [ERROR] undefined
[Sat Jun 29 2024] [INFO] Connection to database has been established successfully.
[Sat Jun 29 2024] [INFO] Listening on port 3000!
[Sat Jun 29 2024] [INFO] Connection to database has been established successfully.
[Sat Jun 29 2024] [INFO] Listening on port 3000!
[Sat Jun 29 2024] [INFO] Connection to database has been established successfully.
[Sat Jun 29 2024] [INFO] Listening on port 3000!
[Sat Jun 29 2024] [INFO] null
[Sat Jun 29 2024] [INFO] {
  "firstname": "Tuan",
  "lastname": "Nguyen",
  "email": "test@gmail.com",
  "password": "$2a$10$eEeGOLXh13DQuTIgQdRE2OD104Va99N8ZlqHfIMQFWSglzB/5o6z."
}
[Sat Jun 29 2024] [INFO] insert  into users (firstname, lastname, email, password) VALUES ('Tuan', 'Nguyen', 'test@gmail.com', '$2a$10$eEeGOLXh13DQuTIgQdRE2OD104Va99N8ZlqHfIMQFWSglzB/5o6z.') RETURNING *
[Sat Jun 29 2024] [INFO] [
  {
    "id": 1,
    "firstname": "Tuan",
    "lastname": "Nguyen",
    "email": "test@gmail.com",
    "password": "$2a$10$eEeGOLXh13DQuTIgQdRE2OD104Va99N8ZlqHfIMQFWSglzB/5o6z.",
    "createdAt": "2024-06-29T11:26:33.144Z",
    "updatedAt": "2024-06-29T11:26:33.144Z"
  }
]
[Sat Jun 29 2024] [ERROR] undefined
[Sat Jun 29 2024] [INFO] Connection to database has been established successfully.
[Sat Jun 29 2024] [INFO] Listening on port 3000!
[Sat Jun 29 2024] [INFO] Connection to database has been established successfully.
[Sat Jun 29 2024] [INFO] Listening on port 3000!
[Sat Jun 29 2024] [INFO] null
[Sat Jun 29 2024] [INFO] {
  "firstname": "Tuan",
  "lastname": "Nguyen",
  "email": "test@gmail.com",
  "password": "$2a$10$cd5FqQFBDmCocl0/.y6uTeK8cJy2OrlvFqT2fgMDvveybDiFloPJ2"
}
[Sat Jun 29 2024] [INFO] [
  {
    "id": 2,
    "firstname": "Tuan",
    "lastname": "Nguyen",
    "email": "test@gmail.com",
    "password": "$2a$10$cd5FqQFBDmCocl0/.y6uTeK8cJy2OrlvFqT2fgMDvveybDiFloPJ2",
    "createdAt": "2024-06-29T11:26:33.144Z",
    "updatedAt": "2024-06-29T11:26:33.144Z"
  }
]
[Sat Jun 29 2024] [ERROR] undefined
[Sat Jun 29 2024] [INFO] Connection to database has been established successfully.
[Sat Jun 29 2024] [INFO] Listening on port 3000!
[Sat Jun 29 2024] [INFO] [
  {
    "id": 1,
    "firstname": "Tuan",
    "lastname": "Nguyen",
    "email": "test@gmail.com",
    "password": "$2a$10$eEeGOLXh13DQuTIgQdRE2OD104Va99N8ZlqHfIMQFWSglzB/5o6z.",
    "createdAt": "2024-06-29T11:26:33.144Z",
    "updatedAt": "2024-06-29T11:26:33.144Z"
  }
]
[Sat Jun 29 2024] [INFO] error
[Sat Jun 29 2024] [INFO] Connection to database has been established successfully.
[Sat Jun 29 2024] [INFO] Listening on port 3000!
[Sat Jun 29 2024] [INFO] [
  {
    "id": 1,
    "firstname": "Tuan",
    "lastname": "Nguyen",
    "email": "test@gmail.com",
    "password": "$2a$10$eEeGOLXh13DQuTIgQdRE2OD104Va99N8ZlqHfIMQFWSglzB/5o6z.",
    "createdAt": "2024-06-29T11:26:33.144Z",
    "updatedAt": "2024-06-29T11:26:33.144Z"
  }
]
[Sat Jun 29 2024] [INFO] error
[Sat Jun 29 2024] [INFO] []
[Sat Jun 29 2024] [INFO] error
[Sat Jun 29 2024] [INFO] []
[Sat Jun 29 2024] [INFO] error
[Sat Jun 29 2024] [INFO] []
[Sat Jun 29 2024] [INFO] error
[Sat Jun 29 2024] [INFO] Connection to database has been established successfully.
[Sat Jun 29 2024] [INFO] Listening on port 3000!
[Sat Jun 29 2024] [INFO] []
[Sat Jun 29 2024] [INFO] []
[Sat Jun 29 2024] [INFO] error
[Sat Jun 29 2024] [INFO] Connection to database has been established successfully.
[Sat Jun 29 2024] [INFO] Listening on port 3000!
[Sat Jun 29 2024] [INFO] select * from users where email='tes1@gmail.com' limit 1
[Sat Jun 29 2024] [INFO] []
[Sat Jun 29 2024] [INFO] []
[Sat Jun 29 2024] [INFO] error
[Sat Jun 29 2024] [INFO] Connection to database has been established successfully.
[Sat Jun 29 2024] [INFO] Listening on port 3000!
[Sat Jun 29 2024] [INFO] Connection to database has been established successfully.
[Sat Jun 29 2024] [INFO] Listening on port 3000!
[Sat Jun 29 2024] [INFO] null
[Sat Jun 29 2024] [INFO] [
  {
    "id": 3,
    "firstname": "Tuan",
    "lastname": "Nguyen",
    "email": "tes1@gmail.com",
    "password": "$2a$10$lMd6RcQ5CbrX/v471wMtxuQQcOOakM1yfVLeoUaBgWb5fNvoTCeOi",
    "createdAt": "2024-06-29T11:26:33.144Z",
    "updatedAt": "2024-06-29T11:26:33.144Z"
  }
]
[Sat Jun 29 2024] [ERROR] undefined
[Sat Jun 29 2024] [INFO] {
  "id": 3,
  "firstname": "Tuan",
  "lastname": "Nguyen",
  "email": "tes1@gmail.com",
  "createdAt": "2024-06-29T11:26:33.144Z",
  "updatedAt": "2024-06-29T11:26:33.144Z"
}
[Sat Jun 29 2024] [INFO] error
[Sat Jun 29 2024] [INFO] Connection to database has been established successfully.
[Sat Jun 29 2024] [INFO] Listening on port 3000!
[Sat Jun 29 2024] [INFO] {
  "id": 3,
  "firstname": "Tuan",
  "lastname": "Nguyen",
  "email": "tes1@gmail.com",
  "createdAt": "2024-06-29T11:26:33.144Z",
  "updatedAt": "2024-06-29T11:26:33.144Z"
}
[Sat Jun 29 2024] [INFO] error
[Sat Jun 29 2024] [INFO] null
[Sat Jun 29 2024] [INFO] [
  {
    "id": 4,
    "firstname": "Tuan",
    "lastname": "Nguyen",
    "email": "tes12@gmail.com",
    "password": "$2a$10$nX6fN1bFWQkK2hLoSQHhJu6L/Ex07fsqAiX.jQYfyQaHXVB3cRtQy",
    "createdAt": "2024-06-29T11:26:33.144Z",
    "updatedAt": "2024-06-29T11:26:33.144Z"
  }
]
[Sat Jun 29 2024] [ERROR] undefined
[Sat Jun 29 2024] [INFO] Connection to database has been established successfully.
[Sat Jun 29 2024] [INFO] Listening on port 3000!
[Sat Jun 29 2024] [INFO] Connection to database has been established successfully.
[Sat Jun 29 2024] [INFO] Listening on port 3000!
[Sat Jun 29 2024] [INFO] Connection to database has been established successfully.
[Sat Jun 29 2024] [INFO] Listening on port 3000!
[Sat Jun 29 2024] [INFO] Connection to database has been established successfully.
[Sat Jun 29 2024] [INFO] Listening on port 3000!
[Sat Jun 29 2024] [INFO] [
  {
    "id": 5,
    "firstname": "Tuan",
    "lastname": "Nguyen",
    "email": "tes122@gmail.com",
    "password": "$2a$10$/jWVfOgfiqNztpQzK6dtzuc21BNVxwZLtJ7Ru3sZuhm58AkrqAKO2",
    "createdAt": "2024-06-29T11:26:33.144Z",
    "updatedAt": "2024-06-29T11:26:33.144Z"
  }
]
[Sat Jun 29 2024] [ERROR] undefined
[Sat Jun 29 2024] [INFO] Connection to database has been established successfully.
[Sat Jun 29 2024] [INFO] Listening on port 3000!
[Sat Jun 29 2024] [INFO] Connection to database has been established successfully.
[Sat Jun 29 2024] [INFO] Listening on port 3000!
[Sat Jun 29 2024] [INFO] [
  {
    "id": 6,
    "firstname": "Tuan",
    "lastname": "Nguyen",
    "email": "test@gmail.com",
    "password": "$2a$10$S928IZ0PJxOMyev3Rqlc0.Rkssjlxtso0p8Hil3KriVAZPBz36652",
    "createdAt": "2024-06-29T11:26:33.144Z",
    "updatedAt": "2024-06-29T11:26:33.144Z"
  }
]
[Sat Jun 29 2024] [ERROR] undefined
[Sat Jun 29 2024] [INFO] Connection to database has been established successfully.
[Sat Jun 29 2024] [INFO] Listening on port 3000!
[Sat Jun 29 2024] [INFO] Connection to database has been established successfully.
[Sat Jun 29 2024] [INFO] Listening on port 3000!
[Sat Jun 29 2024] [INFO] Connection to database has been established successfully.
[Sat Jun 29 2024] [INFO] Listening on port 3000!
[Sat Jun 29 2024] [INFO] Connection to database has been established successfully.
[Sat Jun 29 2024] [INFO] Listening on port 3000!
[Sat Jun 29 2024] [INFO] Connection to database has been established successfully.
[Sat Jun 29 2024] [INFO] Listening on port 3000!
[Sat Jun 29 2024] [INFO] {
  "id": 6,
  "firstname": "Tuan",
  "lastname": "Nguyen",
  "email": "test@gmail.com",
  "createdAt": "2024-06-29T11:26:33.144Z",
  "updatedAt": "2024-06-29T11:26:33.144Z"
}
[Sat Jun 29 2024] [INFO] Connection to database has been established successfully.
[Sat Jun 29 2024] [INFO] Listening on port 3000!
[Sat Jun 29 2024] [INFO] Connection to database has been established successfully.
[Sat Jun 29 2024] [INFO] Listening on port 3000!
[Sat Jun 29 2024] [INFO] Connection to database has been established successfully.
[Sat Jun 29 2024] [INFO] Listening on port 3000!
[Sat Jun 29 2024] [INFO] [
  {
    "id": 7,
    "firstname": "Tuan",
    "lastname": "Nguyen",
    "email": "test1@gmail.com",
    "password": "$2a$10$2u9H7kBC6YZDVDpEMk2M.OcCB63VcYkaO1IPhavGF013NiGyXorMy",
    "createdAt": "2024-06-29T11:26:33.144Z",
    "updatedAt": "2024-06-29T11:26:33.144Z"
  }
]
[Sat Jun 29 2024] [ERROR] undefined
[Sat Jun 29 2024] [INFO] Connection to database has been established successfully.
[Sat Jun 29 2024] [INFO] Listening on port 3000!
[Sat Jun 29 2024] [ERROR] {}
[Sat Jun 29 2024] [INFO] Connection to database has been established successfully.
[Sat Jun 29 2024] [INFO] Listening on port 3000!
[Sat Jun 29 2024] [INFO] [
  [
    {
      "id": 9,
      "firstname": "Tuan",
      "lastname": "Nguyen",
      "email": "test3@gmail.com",
      "password": "$2a$10$SGPAyIojjgzuB9vdEjUnqOWpY/DQLZpML37b9qdrBLSf6PZInG7ku",
      "createdAt": "2024-06-29T11:26:33.144Z",
      "updatedAt": "2024-06-29T11:26:33.144Z"
    }
  ],
  1
]
[Sat Jun 29 2024] [ERROR] {}
[Sat Jun 29 2024] [INFO] Connection to database has been established successfully.
[Sat Jun 29 2024] [INFO] Listening on port 3000!
[Sat Jun 29 2024] [INFO] Connection to database has been established successfully.
[Sat Jun 29 2024] [INFO] Listening on port 3000!
[Sat Jun 29 2024] [ERROR] {}
[Sat Jun 29 2024] [INFO] Connection to database has been established successfully.
[Sat Jun 29 2024] [INFO] Listening on port 3000!
[Sat Jun 29 2024] [INFO] []
[Sat Jun 29 2024] [ERROR] {}
[Sat Jun 29 2024] [INFO] Connection to database has been established successfully.
[Sat Jun 29 2024] [INFO] Listening on port 3000!
[Sat Jun 29 2024] [INFO] Connection to database has been established successfully.
[Sat Jun 29 2024] [INFO] Listening on port 3000!
[Sat Jun 29 2024] [INFO] Connection to database has been established successfully.
[Sat Jun 29 2024] [INFO] Listening on port 3000!
[Sat Jun 29 2024] [INFO] [
  {
    "id": 12,
    "firstname": "Tuan",
    "lastname": "Nguyen",
    "email": "test6@gmail.com",
    "password": "$2a$10$/VL1V5M9q8fvyvtu7B0kz.uIR8aEs3DhDcQptyfMJ5j3yvPT7GKTy",
    "createdAt": "2024-06-29T11:26:33.144Z",
    "updatedAt": "2024-06-29T11:26:33.144Z"
  }
]
[Sat Jun 29 2024] [ERROR] {}
[Sat Jun 29 2024] [INFO] Connection to database has been established successfully.
[Sat Jun 29 2024] [INFO] Listening on port 3000!
[Sat Jun 29 2024] [INFO] [
  {
    "id": 13,
    "firstname": "Tuan",
    "lastname": "Nguyen",
    "email": "test7@gmail.com",
    "password": "$2a$10$Ot2s6FGqVl0YCak5FlF/tu8eS00EWROTa6B1VpY7MNeHVyHIifMzy",
    "createdAt": "2024-06-29T11:26:33.144Z",
    "updatedAt": "2024-06-29T11:26:33.144Z"
  }
]
[Sat Jun 29 2024] [ERROR] {}
[Sat Jun 29 2024] [INFO] Connection to database has been established successfully.
[Sat Jun 29 2024] [INFO] Listening on port 3000!
[Sat Jun 29 2024] [INFO] [
  {
    "id": 14,
    "firstname": "Tuan",
    "lastname": "Nguyen",
    "email": "test8@gmail.com",
    "password": "$2a$10$JuAFJJI9vVhy.PCvr5s3b.4lES6ijJqZvE3HOhbPO0LL/TP8T/waa",
    "createdAt": "2024-06-29T11:26:33.144Z",
    "updatedAt": "2024-06-29T11:26:33.144Z"
  }
]
[Sat Jun 29 2024] [INFO] [
  {
    "id": 14,
    "firstname": "Tuan",
    "lastname": "Nguyen",
    "email": "test8@gmail.com",
    "password": "$2a$10$JuAFJJI9vVhy.PCvr5s3b.4lES6ijJqZvE3HOhbPO0LL/TP8T/waa",
    "createdAt": "2024-06-29T11:26:33.144Z",
    "updatedAt": "2024-06-29T11:26:33.144Z"
  }
]
[Sat Jun 29 2024] [ERROR] {}
[Sat Jun 29 2024] [INFO] Connection to database has been established successfully.
[Sat Jun 29 2024] [INFO] Listening on port 3000!
[Sat Jun 29 2024] [INFO] Connection to database has been established successfully.
[Sat Jun 29 2024] [INFO] Listening on port 3000!
[Sat Jun 29 2024] [INFO] Connection to database has been established successfully.
[Sat Jun 29 2024] [INFO] Listening on port 3000!
[Sat Jun 29 2024] [INFO] Connection to database has been established successfully.
[Sat Jun 29 2024] [INFO] Listening on port 3000!
[Sat Jun 29 2024] [INFO] 1
[Sat Jun 29 2024] [ERROR] {}
[Sat Jun 29 2024] [INFO] Connection to database has been established successfully.
[Sat Jun 29 2024] [INFO] Listening on port 3000!
[Sat Jun 29 2024] [ERROR] undefined
[Sat Jun 29 2024] [INFO] Connection to database has been established successfully.
[Sat Jun 29 2024] [INFO] Listening on port 3000!
[Sat Jun 29 2024] [INFO] {
  "id": 17,
  "firstname": "Tuan",
  "lastname": "Nguyen",
  "email": "test1@gmail.com",
  "createdAt": "2024-06-29T11:26:33.144Z",
  "updatedAt": "2024-06-29T11:26:33.144Z"
}
[Sat Jun 29 2024] [ERROR] undefined
[Sat Jun 29 2024] [INFO] Connection to database has been established successfully.
[Sat Jun 29 2024] [INFO] Listening on port 3000!
[Sat Jun 29 2024] [INFO] Connection to database has been established successfully.
[Sat Jun 29 2024] [INFO] Listening on port 3000!
[Sat Jun 29 2024] [ERROR] undefined
[Sat Jun 29 2024] [INFO] Connection to database has been established successfully.
[Sat Jun 29 2024] [INFO] Listening on port 3000!
[Sat Jun 29 2024] [INFO] {
  "user": {
    "id": 19,
    "firstname": "Tuan",
    "lastname": "Nguyen",
    "email": "test3@gmail.com",
    "createdAt": "2024-06-29T11:26:33.144Z",
    "updatedAt": "2024-06-29T11:26:33.144Z"
  },
  "token": "eyJhbGciOiJIUzI1NiIsInR5cCI6IkpXVCJ9.eyJpZCI6MTksImVtYWlsIjoidGVzdDNAZ21haWwuY29tIiwiaWF0IjoxNzE5NjcwMTE5fQ.nW_rJHtdW-htKKkJaTDhAtiEBLnaz9uQoc2JHh1M4k4"
}
[Sat Jun 29 2024] [INFO] Connection to database has been established successfully.
[Sat Jun 29 2024] [INFO] Listening on port 3000!
[Sat Jun 29 2024] [INFO] Connection to database has been established successfully.
[Sat Jun 29 2024] [INFO] Listening on port 3000!
[Sat Jun 29 2024] [INFO] Connection to database has been established successfully.
[Sat Jun 29 2024] [INFO] Listening on port 3000!
[Sat Jun 29 2024] [INFO] Connection to database has been established successfully.
[Sat Jun 29 2024] [INFO] Listening on port 3000!
[Sat Jun 29 2024] [INFO] Connection to database has been established successfully.
[Sat Jun 29 2024] [INFO] Listening on port 3000!
[Sat Jun 29 2024] [INFO] Connection to database has been established successfully.
[Sat Jun 29 2024] [INFO] Listening on port 3000!
[Sat Jun 29 2024] [INFO] Connection to database has been established successfully.
[Sat Jun 29 2024] [INFO] Listening on port 3000!
[Sat Jun 29 2024] [INFO] Connection to database has been established successfully.
[Sat Jun 29 2024] [INFO] Listening on port 3000!
[Sat Jun 29 2024] [INFO] Connection to database has been established successfully.
[Sat Jun 29 2024] [INFO] Listening on port 3000!
[Sat Jun 29 2024] [INFO] Connection to database has been established successfully.
[Sat Jun 29 2024] [INFO] Listening on port 3000!
[Sat Jun 29 2024] [INFO] Connection to database has been established successfully.
[Sat Jun 29 2024] [INFO] Listening on port 3000!
[Sat Jun 29 2024] [INFO] Connection to database has been established successfully.
[Sat Jun 29 2024] [INFO] Listening on port 3000!
[Sat Jun 29 2024] [INFO] Connection to database has been established successfully.
[Sat Jun 29 2024] [INFO] Listening on port 3000!
[Sat Jun 29 2024] [INFO] Connection to database has been established successfully.
[Sat Jun 29 2024] [INFO] Listening on port 3000!
[Sat Jun 29 2024] [INFO] Connection to database has been established successfully.
[Sat Jun 29 2024] [INFO] Listening on port 3000!
[Sat Jun 29 2024] [INFO] Connection to database has been established successfully.
[Sat Jun 29 2024] [INFO] Listening on port 3000!
[Sat Jun 29 2024] [INFO] Connection to database has been established successfully.
[Sat Jun 29 2024] [INFO] Listening on port 3000!
[Sat Jun 29 2024] [INFO] Connection to database has been established successfully.
[Sat Jun 29 2024] [INFO] Listening on port 3000!
[Sat Jun 29 2024] [INFO] Connection to database has been established successfully.
[Sat Jun 29 2024] [INFO] Listening on port 3000!
[Sat Jun 29 2024] [INFO] Connection to database has been established successfully.
[Sat Jun 29 2024] [INFO] Listening on port 3000!
[Sat Jun 29 2024] [INFO] Connection to database has been established successfully.
[Sat Jun 29 2024] [INFO] Listening on port 3000!
[Sat Jun 29 2024] [INFO] Connection to database has been established successfully.
[Sat Jun 29 2024] [INFO] Listening on port 3000!
[Sat Jun 29 2024] [INFO] Connection to database has been established successfully.
[Sat Jun 29 2024] [INFO] Listening on port 3000!
[Sat Jun 29 2024] [INFO] Connection to database has been established successfully.
[Sat Jun 29 2024] [INFO] Listening on port 3000!
[Sat Jun 29 2024] [INFO] Connection to database has been established successfully.
[Sat Jun 29 2024] [INFO] Listening on port 3000!
[Sat Jun 29 2024] [INFO] Connection to database has been established successfully.
[Sat Jun 29 2024] [INFO] Listening on port 3000!
[Sat Jun 29 2024] [INFO] Connection to database has been established successfully.
[Sat Jun 29 2024] [INFO] Listening on port 3000!
[Sat Jun 29 2024] [INFO] Connection to database has been established successfully.
[Sat Jun 29 2024] [INFO] Listening on port 3000!
[Sat Jun 29 2024] [INFO] Connection to database has been established successfully.
[Sat Jun 29 2024] [INFO] Listening on port 3000!
[Sat Jun 29 2024] [INFO] Connection to database has been established successfully.
[Sat Jun 29 2024] [INFO] Listening on port 3000!
[Sat Jun 29 2024] [INFO] Connection to database has been established successfully.
[Sat Jun 29 2024] [INFO] Listening on port 3000!
[Sat Jun 29 2024] [ERROR] {}
[Sat Jun 29 2024] [ERROR] {}
[Sat Jun 29 2024] [INFO] Connection to database has been established successfully.
[Sat Jun 29 2024] [INFO] Listening on port 3000!
[Sat Jun 29 2024] [INFO] Connection to database has been established successfully.
[Sat Jun 29 2024] [INFO] Listening on port 3000!
[Sat Jun 29 2024] [INFO] Connection to database has been established successfully.
[Sat Jun 29 2024] [INFO] Listening on port 3000!
[Sat Jun 29 2024] [INFO] Connection to database has been established successfully.
[Sat Jun 29 2024] [INFO] Listening on port 3000!
[Sat Jun 29 2024] [INFO] Connection to database has been established successfully.
[Sat Jun 29 2024] [INFO] Listening on port 3000!
[Sat Jun 29 2024] [INFO] Connection to database has been established successfully.
[Sat Jun 29 2024] [INFO] Listening on port 3000!
[Sat Jun 29 2024] [INFO] Connection to database has been established successfully.
[Sat Jun 29 2024] [INFO] Listening on port 3000!
[Sat Jun 29 2024] [INFO] Connection to database has been established successfully.
[Sat Jun 29 2024] [INFO] Listening on port 3000!
[Sat Jun 29 2024] [INFO] Connection to database has been established successfully.
[Sat Jun 29 2024] [INFO] Listening on port 3000!
[Sat Jun 29 2024] [INFO] Connection to database has been established successfully.
[Sat Jun 29 2024] [INFO] Listening on port 3000!
[Sat Jun 29 2024] [INFO] Connection to database has been established successfully.
[Sat Jun 29 2024] [INFO] Listening on port 3000!
[Sat Jun 29 2024] [INFO] Connection to database has been established successfully.
[Sat Jun 29 2024] [INFO] Listening on port 3000!
[Sat Jun 29 2024] [INFO] Connection to database has been established successfully.
[Sat Jun 29 2024] [INFO] Listening on port 3000!
[Sat Jun 29 2024] [INFO] Connection to database has been established successfully.
[Sat Jun 29 2024] [INFO] Listening on port 3000!
[Sat Jun 29 2024] [INFO] Connection to database has been established successfully.
[Sat Jun 29 2024] [INFO] Listening on port 3000!
[Sat Jun 29 2024] [INFO] {
  "user": {
    "id": 1,
    "firstname": "Tuan",
    "lastname": "Nguyen",
    "email": "test@gmail.com",
    "createdAt": "2024-06-29T15:26:36.068Z",
    "updatedAt": "2024-06-29T15:26:36.068Z"
  },
  "token": "eyJhbGciOiJIUzI1NiIsInR5cCI6IkpXVCJ9.eyJpZCI6MSwiZW1haWwiOiJ0ZXN0QGdtYWlsLmNvbSIsImlhdCI6MTcxOTY3NDgxNn0.W2IsEACwl3jtdI9s7l36XC5obTu--0m4F3UeeM3RX40"
}
[Sat Jun 29 2024] [INFO] Connection to database has been established successfully.
[Sat Jun 29 2024] [INFO] Listening on port 3000!
[Sat Jun 29 2024] [INFO] Connection to database has been established successfully.
[Sat Jun 29 2024] [INFO] Listening on port 3000!
[Sat Jun 29 2024] [INFO] Connection to database has been established successfully.
[Sat Jun 29 2024] [INFO] Listening on port 3000!
[Sat Jun 29 2024] [INFO] Connection to database has been established successfully.
[Sat Jun 29 2024] [INFO] Listening on port 3000!
[Sat Jun 29 2024] [INFO] Connection to database has been established successfully.
[Sat Jun 29 2024] [INFO] Listening on port 3000!
[Sun Jun 30 2024] [INFO] Connection to database has been established successfully.
[Sun Jun 30 2024] [INFO] Listening on port 3000!
[Sun Jun 30 2024] [INFO] Connection to database has been established successfully.
[Sun Jun 30 2024] [INFO] Listening on port 3000!
[Sun Jun 30 2024] [INFO] Connection to database has been established successfully.
[Sun Jun 30 2024] [INFO] Listening on port 3000!
[Sun Jun 30 2024] [INFO] Connection to database has been established successfully.
[Sun Jun 30 2024] [INFO] Listening on port 3000!
[Sun Jun 30 2024] [INFO] Connection to database has been established successfully.
[Sun Jun 30 2024] [INFO] Listening on port 3000!
[Sun Jun 30 2024] [INFO] Connection to database has been established successfully.
[Sun Jun 30 2024] [INFO] Listening on port 3000!
[Sun Jun 30 2024] [INFO] Connection to database has been established successfully.
[Sun Jun 30 2024] [INFO] Listening on port 3000!
[Sun Jun 30 2024] [INFO] Connection to database has been established successfully.
[Sun Jun 30 2024] [INFO] Listening on port 3000!
[Sun Jun 30 2024] [INFO] Connection to database has been established successfully.
[Sun Jun 30 2024] [INFO] Listening on port 3000!
[Sun Jun 30 2024] [INFO] Connection to database has been established successfully.
[Sun Jun 30 2024] [INFO] Listening on port 3000!
[Sun Jun 30 2024] [INFO] Connection to database has been established successfully.
[Sun Jun 30 2024] [INFO] Listening on port 3000!
[Sun Jun 30 2024] [INFO] Connection to database has been established successfully.
[Sun Jun 30 2024] [INFO] Listening on port 3000!
[Sun Jun 30 2024] [INFO] Connection to database has been established successfully.
[Sun Jun 30 2024] [INFO] Listening on port 3000!
[Sun Jun 30 2024] [INFO] Connection to database has been established successfully.
[Sun Jun 30 2024] [INFO] Listening on port 3000!
[Sun Jun 30 2024] [INFO] Connection to database has been established successfully.
[Sun Jun 30 2024] [INFO] Listening on port 3000!
[Sun Jun 30 2024] [INFO] Connection to database has been established successfully.
[Sun Jun 30 2024] [INFO] Listening on port 3000!
[Sun Jun 30 2024] [INFO] Connection to database has been established successfully.
[Sun Jun 30 2024] [INFO] Listening on port 3000!
[Sun Jun 30 2024] [INFO] {
  "id": 1,
  "firstname": "Tuan",
  "lastname": "Nguyen",
  "email": "test@gmail.com",
  "createdAt": "2024-06-29T15:27:07.369Z",
  "updatedAt": "2024-06-29T15:27:07.369Z"
}
[Sun Jun 30 2024] [INFO] Connection to database has been established successfully.
[Sun Jun 30 2024] [INFO] Listening on port 3000!
[Sun Jun 30 2024] [INFO] Connection to database has been established successfully.
[Sun Jun 30 2024] [INFO] Listening on port 3000!
[Sun Jun 30 2024] [INFO] Connection to database has been established successfully.
[Sun Jun 30 2024] [INFO] Listening on port 3000!
[Sun Jun 30 2024] [INFO] Connection to database has been established successfully.
[Sun Jun 30 2024] [INFO] Listening on port 3000!
[Sun Jun 30 2024] [INFO] Connection to database has been established successfully.
[Sun Jun 30 2024] [INFO] Listening on port 3000!
[Sun Jun 30 2024] [INFO] Connection to database has been established successfully.
[Sun Jun 30 2024] [INFO] Listening on port 3000!
[Sun Jun 30 2024] [INFO] Connection to database has been established successfully.
[Sun Jun 30 2024] [INFO] Listening on port 3000!
[Sun Jun 30 2024] [INFO] Connection to database has been established successfully.
[Sun Jun 30 2024] [INFO] Listening on port 3000!
[Sun Jun 30 2024] [INFO] Connection to database has been established successfully.
[Sun Jun 30 2024] [INFO] Listening on port 3000!
[Sun Jun 30 2024] [INFO] Connection to database has been established successfully.
[Sun Jun 30 2024] [INFO] Listening on port 3000!
[Sun Jun 30 2024] [INFO] Connection to database has been established successfully.
[Sun Jun 30 2024] [INFO] Listening on port 3000!
[Sun Jun 30 2024] [INFO] Connection to database has been established successfully.
[Sun Jun 30 2024] [INFO] Listening on port 3000!
[Sun Jun 30 2024] [INFO] Connection to database has been established successfully.
[Sun Jun 30 2024] [INFO] Listening on port 3000!
[Sun Jun 30 2024] [INFO] Connection to database has been established successfully.
[Sun Jun 30 2024] [INFO] Listening on port 3000!
[Sun Jun 30 2024] [INFO] Connection to database has been established successfully.
[Sun Jun 30 2024] [INFO] Listening on port 3000!
[Sun Jun 30 2024] [INFO] Connection to database has been established successfully.
[Sun Jun 30 2024] [INFO] Listening on port 3000!
[Sun Jun 30 2024] [INFO] Connection to database has been established successfully.
[Sun Jun 30 2024] [INFO] Listening on port 3000!
[Sun Jun 30 2024] [INFO] Connection to database has been established successfully.
[Sun Jun 30 2024] [INFO] Listening on port 3000!
[Sun Jun 30 2024] [INFO] Connection to database has been established successfully.
[Sun Jun 30 2024] [INFO] Listening on port 3000!
[Sun Jun 30 2024] [INFO] Connection to database has been established successfully.
[Sun Jun 30 2024] [INFO] Listening on port 3000!
[Sun Jun 30 2024] [INFO] Connection to database has been established successfully.
[Sun Jun 30 2024] [INFO] Listening on port 3000!
[Sun Jun 30 2024] [INFO] Connection to database has been established successfully.
[Sun Jun 30 2024] [INFO] Listening on port 3000!
[Sun Jun 30 2024] [INFO] Connection to database has been established successfully.
[Sun Jun 30 2024] [INFO] Listening on port 3000!
[Sun Jun 30 2024] [INFO] Connection to database has been established successfully.
[Sun Jun 30 2024] [INFO] Listening on port 3000!
[Sun Jun 30 2024] [INFO] Connection to database has been established successfully.
[Sun Jun 30 2024] [INFO] Listening on port 3000!
[Sun Jun 30 2024] [INFO] Connection to database has been established successfully.
[Sun Jun 30 2024] [INFO] Listening on port 3000!
[Sun Jun 30 2024] [INFO] Connection to database has been established successfully.
[Sun Jun 30 2024] [INFO] Listening on port 3000!
[Sun Jun 30 2024] [INFO] Connection to database has been established successfully.
[Sun Jun 30 2024] [INFO] Listening on port 3000!
[Sun Jun 30 2024] [INFO] Connection to database has been established successfully.
[Sun Jun 30 2024] [INFO] Listening on port 3000!
[Sun Jun 30 2024] [INFO] Connection to database has been established successfully.
[Sun Jun 30 2024] [INFO] Listening on port 3000!
[Sun Jun 30 2024] [INFO] Connection to database has been established successfully.
[Sun Jun 30 2024] [INFO] Listening on port 3000!
[Sun Jun 30 2024] [INFO] Connection to database has been established successfully.
[Sun Jun 30 2024] [INFO] Listening on port 3000!
[Sun Jun 30 2024] [INFO] Connection to database has been established successfully.
[Sun Jun 30 2024] [INFO] Listening on port 3000!
[Sun Jun 30 2024] [INFO] Connection to database has been established successfully.
[Sun Jun 30 2024] [INFO] Listening on port 3000!
[Sun Jun 30 2024] [INFO] Connection to database has been established successfully.
[Sun Jun 30 2024] [INFO] Listening on port 3000!
[Sun Jun 30 2024] [INFO] Connection to database has been established successfully.
[Sun Jun 30 2024] [INFO] Listening on port 3000!
[Sun Jun 30 2024] [INFO] Connection to database has been established successfully.
[Sun Jun 30 2024] [INFO] Listening on port 3000!
[Sun Jun 30 2024] [INFO] Connection to database has been established successfully.
[Sun Jun 30 2024] [INFO] Listening on port 3000!
[Sun Jun 30 2024] [INFO] Connection to database has been established successfully.
[Sun Jun 30 2024] [INFO] Listening on port 3000!
[Sun Jun 30 2024] [INFO] Connection to database has been established successfully.
[Sun Jun 30 2024] [INFO] Listening on port 3000!
[Sun Jun 30 2024] [INFO] Connection to database has been established successfully.
[Sun Jun 30 2024] [INFO] Listening on port 3000!
[Sun Jun 30 2024] [INFO] Connection to database has been established successfully.
[Sun Jun 30 2024] [INFO] Listening on port 3000!
[Sun Jun 30 2024] [INFO] Connection to database has been established successfully.
[Sun Jun 30 2024] [INFO] Listening on port 3000!
[Sun Jun 30 2024] [INFO] Connection to database has been established successfully.
[Sun Jun 30 2024] [INFO] Listening on port 3000!
[Sun Jun 30 2024] [INFO] Connection to database has been established successfully.
[Sun Jun 30 2024] [INFO] Listening on port 3000!
[Sun Jun 30 2024] [INFO] Connection to database has been established successfully.
[Sun Jun 30 2024] [INFO] Listening on port 3000!
[Sun Jun 30 2024] [INFO] Connection to database has been established successfully.
[Sun Jun 30 2024] [INFO] Listening on port 3000!
[Sun Jun 30 2024] [INFO] Connection to database has been established successfully.
[Sun Jun 30 2024] [INFO] Listening on port 3000!
[Sun Jun 30 2024] [INFO] Connection to database has been established successfully.
[Sun Jun 30 2024] [INFO] Listening on port 3000!
[Sun Jun 30 2024] [INFO] Connection to database has been established successfully.
[Sun Jun 30 2024] [INFO] Listening on port 3000!
[Sun Jun 30 2024] [INFO] Connection to database has been established successfully.
[Sun Jun 30 2024] [INFO] Listening on port 3000!
[Sun Jun 30 2024] [INFO] Connection to database has been established successfully.
[Sun Jun 30 2024] [INFO] Listening on port 3000!
[Sun Jun 30 2024] [INFO] Connection to database has been established successfully.
[Sun Jun 30 2024] [INFO] Listening on port 3000!
[Sun Jun 30 2024] [INFO] Connection to database has been established successfully.
[Sun Jun 30 2024] [INFO] Listening on port 3000!
[Sun Jun 30 2024] [INFO] Connection to database has been established successfully.
[Sun Jun 30 2024] [INFO] Listening on port 3000!
[Sun Jun 30 2024] [INFO] Connection to database has been established successfully.
[Sun Jun 30 2024] [INFO] Listening on port 3000!
[Sun Jun 30 2024] [ERROR] SEQUELIZE ERROR:  syntax error at or near "into"
[Sun Jun 30 2024] [INFO] Connection to database has been established successfully.
[Sun Jun 30 2024] [INFO] Listening on port 3000!
[Sun Jun 30 2024] [ERROR] SEQUELIZE ERROR:  column "initdeposit" of relation "banks" does not exist
[Sun Jun 30 2024] [INFO] Connection to database has been established successfully.
[Sun Jun 30 2024] [INFO] Listening on port 3000!
[Sun Jun 30 2024] [INFO] 
      INSERT INTO banks (name, initDeposit)
      Values ('TPBank', '500') RETURNING *;
    
[Sun Jun 30 2024] [ERROR] SEQUELIZE ERROR:  column "initdeposit" of relation "banks" does not exist
[Sun Jun 30 2024] [INFO] Connection to database has been established successfully.
[Sun Jun 30 2024] [INFO] Listening on port 3000!
[Sun Jun 30 2024] [INFO] 
      INSERT INTO banks (name, init_deposit)
      Values ('TPBank', '500') RETURNING *;
    
[Sun Jun 30 2024] [INFO] Connection to database has been established successfully.
[Sun Jun 30 2024] [INFO] Listening on port 3000!
[Sun Jun 30 2024] [INFO] 
      INSERT INTO banks (name, init_deposit)
      Values ('TPBank', '500') RETURNING *;
    
[Sun Jun 30 2024] [INFO] info
[Sun Jun 30 2024] [INFO] success
[Sun Jun 30 2024] [INFO] Connection to database has been established successfully.
[Sun Jun 30 2024] [INFO] Listening on port 3000!
[Sun Jun 30 2024] [INFO] Connection to database has been established successfully.
[Sun Jun 30 2024] [INFO] Listening on port 3000!
[Sun Jun 30 2024] [INFO] Connection to database has been established successfully.
[Sun Jun 30 2024] [INFO] Listening on port 3000!
[Sun Jun 30 2024] [INFO] 
      INSERT INTO banks (name, init_deposit)
      Values ('TPBank', '500') RETURNING *;
    
[Sun Jun 30 2024] [INFO] {
  "id": 3,
  "init_deposit": 500,
  "name": "TPBank",
  "createdAt": "2024-06-30T05:04:43.179Z",
  "updatedAt": "2024-06-30T05:04:43.179Z"
}
[Sun Jun 30 2024] [INFO] Connection to database has been established successfully.
[Sun Jun 30 2024] [INFO] Listening on port 3000!
[Sun Jun 30 2024] [INFO] Connection to database has been established successfully.
[Sun Jun 30 2024] [INFO] Listening on port 3000!
[Sun Jun 30 2024] [INFO] 
      INSERT INTO banks (name, init_deposit)
      Values ('TPBank', '500') RETURNING *;
    
[Sun Jun 30 2024] [INFO] Connection to database has been established successfully.
[Sun Jun 30 2024] [INFO] Listening on port 3000!
[Sun Jun 30 2024] [INFO] Connection to database has been established successfully.
[Sun Jun 30 2024] [INFO] Listening on port 3000!
[Sun Jun 30 2024] [INFO] Connection to database has been established successfully.
[Sun Jun 30 2024] [INFO] Listening on port 3000!
[Sun Jun 30 2024] [INFO] Connection to database has been established successfully.
[Sun Jun 30 2024] [INFO] Listening on port 3000!
[Sun Jun 30 2024] [INFO] Connection to database has been established successfully.
[Sun Jun 30 2024] [INFO] Listening on port 3000!
[Sun Jun 30 2024] [INFO] Connection to database has been established successfully.
[Sun Jun 30 2024] [INFO] Listening on port 3000!
[Sun Jun 30 2024] [ERROR] undefined
[Sun Jun 30 2024] [INFO] null
[Sun Jun 30 2024] [ERROR] {}
[Sun Jun 30 2024] [INFO] Connection to database has been established successfully.
[Sun Jun 30 2024] [INFO] Listening on port 3000!
[Sun Jun 30 2024] [INFO] 
      INSERT INTO bank_accounts (code, name, userId, bankId, init_deposit, debit)
      Values ('undefined', 'Ti Khon 1', 'undefined', '1', '500', '500') RETURNING *;
    
[Sun Jun 30 2024] [ERROR] SEQUELIZE ERROR:  column "userid" of relation "bank_accounts" does not exist
[Sun Jun 30 2024] [INFO] null
[Sun Jun 30 2024] [ERROR] {}
[Sun Jun 30 2024] [INFO] Connection to database has been established successfully.
[Sun Jun 30 2024] [INFO] Listening on port 3000!
[Sun Jun 30 2024] [INFO] 
      INSERT INTO bank_accounts (code, name, user_id, bank_id, init_deposit, debit)
      Values ('undefined', 'Ti Khon 1', 'undefined', '1', '500', '500') RETURNING *;
    
[Sun Jun 30 2024] [ERROR] SEQUELIZE ERROR:  invalid input syntax for type integer: "undefined"
[Sun Jun 30 2024] [INFO] null
[Sun Jun 30 2024] [ERROR] {}
[Sun Jun 30 2024] [INFO] Connection to database has been established successfully.
[Sun Jun 30 2024] [INFO] Listening on port 3000!
[Sun Jun 30 2024] [INFO] 
      INSERT INTO bank_accounts (name, user_id, bank_id, init_deposit, debit)
      Values ('Ti Khon 1', 'undefined', '1', '500', '500') RETURNING *;
    
[Sun Jun 30 2024] [ERROR] SEQUELIZE ERROR:  invalid input syntax for type integer: "undefined"
[Sun Jun 30 2024] [INFO] null
[Sun Jun 30 2024] [ERROR] {}
[Sun Jun 30 2024] [INFO] Connection to database has been established successfully.
[Sun Jun 30 2024] [INFO] Listening on port 3000!
[Sun Jun 30 2024] [ERROR] jwt malformed
[Sun Jun 30 2024] [ERROR] jwt malformed
[Sun Jun 30 2024] [INFO] 
      INSERT INTO bank_accounts (name, user_id, bank_id, init_deposit, debit)
      Values ('Ti Khon 1', '1', '1', '500', '500') RETURNING *;
    
[Sun Jun 30 2024] [ERROR] SEQUELIZE ERROR:  null value in column "code" of relation "bank_accounts" violates not-null constraint
[Sun Jun 30 2024] [INFO] null
[Sun Jun 30 2024] [ERROR] {}
[Sun Jun 30 2024] [INFO] Connection to database has been established successfully.
[Sun Jun 30 2024] [INFO] Listening on port 3000!
[Sun Jun 30 2024] [INFO] Connection to database has been established successfully.
[Sun Jun 30 2024] [INFO] Listening on port 3000!
[Sun Jun 30 2024] [INFO] 
      INSERT INTO bank_accounts (name, user_id, bank_id, init_deposit, debit)
      Values ('Ti Khon 1', '1', '1', '500', '500') RETURNING *;
    
[Sun Jun 30 2024] [INFO] {
  "id": 1,
  "bank_id": 1,
  "user_id": 1,
  "name": "Ti Khon 1",
  "init_deposit": 500,
  "debit": 500,
  "createdAt": "2024-06-30T05:36:38.280Z",
  "updatedAt": "2024-06-30T05:36:38.280Z",
  "userId": null,
  "bankId": null
}
[Sun Jun 30 2024] [INFO] Connection to database has been established successfully.
[Sun Jun 30 2024] [INFO] Listening on port 3000!
[Sun Jun 30 2024] [INFO] Connection to database has been established successfully.
[Sun Jun 30 2024] [INFO] Listening on port 3000!
[Sun Jun 30 2024] [INFO] Connection to database has been established successfully.
[Sun Jun 30 2024] [INFO] Listening on port 3000!
[Sun Jun 30 2024] [INFO] 
      INSERT INTO bank_accounts (name, user_id, bank_id, init_deposit, debit)
      Values ('Ti Khon 1', 'undefined', '1', '50000', '50000') RETURNING *;
    
[Sun Jun 30 2024] [ERROR] SEQUELIZE ERROR:  invalid input syntax for type integer: "undefined"
[Sun Jun 30 2024] [INFO] null
[Sun Jun 30 2024] [ERROR] {}
[Sun Jun 30 2024] [INFO] 
      INSERT INTO bank_accounts (name, user_id, bank_id, init_deposit, debit)
      Values ('Ti Khon 1', '1', '1', '50000', '50000') RETURNING *;
    
[Sun Jun 30 2024] [ERROR] SEQUELIZE ERROR:  insert or update on table "bank_accounts" violates foreign key constraint "bank_accounts_bank_id_fkey"
[Sun Jun 30 2024] [INFO] null
[Sun Jun 30 2024] [ERROR] {}
[Sun Jun 30 2024] [INFO] 
      INSERT INTO banks (name, init_deposit)
      Values ('TPBank', '500') RETURNING *;
    
[Sun Jun 30 2024] [INFO] 
      INSERT INTO banks (name, init_deposit)
      Values ('VPBank', '1000') RETURNING *;
    
[Sun Jun 30 2024] [INFO] 
      INSERT INTO bank_accounts (name, user_id, bank_id, init_deposit, debit)
      Values ('Ti Khon 1', '1', '1', '500', '500') RETURNING *;
    
[Sun Jun 30 2024] [INFO] {
  "id": 2,
  "bank_id": 1,
  "user_id": 1,
  "name": "Ti Khon 1",
  "init_deposit": 500,
  "debit": 500,
  "createdAt": "2024-06-30T05:38:21.816Z",
  "updatedAt": "2024-06-30T05:38:21.816Z",
  "userId": null,
  "bankId": null
}
[Sun Jun 30 2024] [INFO] 
      INSERT INTO bank_accounts (name, user_id, bank_id, init_deposit, debit)
      Values ('Ti Khon 2', '1', '2', '1000', '1000') RETURNING *;
    
[Sun Jun 30 2024] [INFO] {
  "id": 3,
  "bank_id": 2,
  "user_id": 1,
  "name": "Ti Khon 2",
  "init_deposit": 1000,
  "debit": 1000,
  "createdAt": "2024-06-30T05:38:21.816Z",
  "updatedAt": "2024-06-30T05:38:21.816Z",
  "userId": null,
  "bankId": null
}
[Sun Jun 30 2024] [INFO] Connection to database has been established successfully.
[Sun Jun 30 2024] [INFO] Listening on port 3000!
[Sun Jun 30 2024] [INFO] Connection to database has been established successfully.
[Sun Jun 30 2024] [INFO] Listening on port 3000!
[Sun Jun 30 2024] [INFO] Connection to database has been established successfully.
[Sun Jun 30 2024] [INFO] Listening on port 3000!
[Sun Jun 30 2024] [INFO] Connection to database has been established successfully.
[Sun Jun 30 2024] [INFO] Listening on port 3000!
[Sun Jun 30 2024] [INFO] Connection to database has been established successfully.
[Sun Jun 30 2024] [INFO] Listening on port 3000!
[Sun Jun 30 2024] [INFO] Connection to database has been established successfully.
[Sun Jun 30 2024] [INFO] Listening on port 3000!
[Sun Jun 30 2024] [INFO] Connection to database has been established successfully.
[Sun Jun 30 2024] [INFO] Listening on port 3000!
[Sun Jun 30 2024] [INFO] Connection to database has been established successfully.
[Sun Jun 30 2024] [INFO] Listening on port 3000!
[Sun Jun 30 2024] [INFO] Connection to database has been established successfully.
[Sun Jun 30 2024] [INFO] Listening on port 3000!
[Sun Jun 30 2024] [INFO] Connection to database has been established successfully.
[Sun Jun 30 2024] [INFO] Listening on port 3000!
[Sun Jun 30 2024] [INFO] Connection to database has been established successfully.
[Sun Jun 30 2024] [INFO] Listening on port 3000!
[Sun Jun 30 2024] [INFO] Connection to database has been established successfully.
[Sun Jun 30 2024] [INFO] Listening on port 3000!
[Sun Jun 30 2024] [INFO] Connection to database has been established successfully.
[Sun Jun 30 2024] [INFO] Listening on port 3000!
[Sun Jun 30 2024] [INFO] Connection to database has been established successfully.
[Sun Jun 30 2024] [INFO] Listening on port 3000!
[Sun Jun 30 2024] [ERROR] undefined
[Sun Jun 30 2024] [INFO] Connection to database has been established successfully.
[Sun Jun 30 2024] [INFO] Listening on port 3000!
[Sun Jun 30 2024] [INFO] Connection to database has been established successfully.
[Sun Jun 30 2024] [INFO] Listening on port 3000!
[Sun Jun 30 2024] [INFO] Connection to database has been established successfully.
[Sun Jun 30 2024] [INFO] Listening on port 3000!
[Sun Jun 30 2024] [INFO] Connection to database has been established successfully.
[Sun Jun 30 2024] [INFO] Listening on port 3000!
[Sun Jun 30 2024] [INFO] Connection to database has been established successfully.
[Sun Jun 30 2024] [INFO] Listening on port 3000!
[Sun Jun 30 2024] [INFO] 1
[Sun Jun 30 2024] [ERROR] undefined
[Sun Jun 30 2024] [INFO] Connection to database has been established successfully.
[Sun Jun 30 2024] [INFO] Listening on port 3000!
[Sun Jun 30 2024] [INFO] Connection to database has been established successfully.
[Sun Jun 30 2024] [INFO] Listening on port 3000!
[Sun Jun 30 2024] [INFO] 1
[Sun Jun 30 2024] [ERROR] undefined
[Sun Jun 30 2024] [INFO] Connection to database has been established successfully.
[Sun Jun 30 2024] [INFO] Listening on port 3000!
[Sun Jun 30 2024] [INFO] 1
[Sun Jun 30 2024] [ERROR] undefined
[Sun Jun 30 2024] [INFO] Connection to database has been established successfully.
[Sun Jun 30 2024] [INFO] Listening on port 3000!
[Sun Jun 30 2024] [INFO] 1
[Sun Jun 30 2024] [INFO] [
  {
    "id": 2,
    "bank_id": 1,
    "user_id": 1,
    "name": "Ti Khon 1",
    "init_deposit": 500,
    "debit": 500,
    "createdAt": "2024-06-30T05:38:21.816Z",
    "updatedAt": "2024-06-30T05:38:21.816Z",
    "userId": null,
    "bankId": null
  },
  {
    "id": 3,
    "bank_id": 2,
    "user_id": 1,
    "name": "Ti Khon 2",
    "init_deposit": 1000,
    "debit": 1000,
    "createdAt": "2024-06-30T05:38:21.816Z",
    "updatedAt": "2024-06-30T05:38:21.816Z",
    "userId": null,
    "bankId": null
  }
]
[Sun Jun 30 2024] [INFO] Connection to database has been established successfully.
[Sun Jun 30 2024] [INFO] Listening on port 3000!
[Sun Jun 30 2024] [INFO] 1
[Sun Jun 30 2024] [INFO] Connection to database has been established successfully.
[Sun Jun 30 2024] [INFO] Listening on port 3000!
